#
# A fatal error has been detected by the Java Runtime Environment:
#
#  SIGSEGV (0xb) at pc=0x00007f609e17b0ad, pid=12943, tid=12960
#
# JRE version: OpenJDK Runtime Environment (11.0.9.1+1) (build 11.0.9.1+1-Ubuntu-0ubuntu1.20.04)
# Java VM: OpenJDK 64-Bit Server VM (11.0.9.1+1-Ubuntu-0ubuntu1.20.04, mixed mode, sharing, tiered, compressed oops, g1 gc, linux-amd64)
# Problematic frame:
# C  [libjimage.so+0x30ad]
#
# Core dump will be written. Default location: Core dumps may be processed with "/usr/share/apport/apport %p %s %c %d %P %E" (or dumping to /home/bartlomiej/Dokumenty/Bartek/Politechnika/Technologia_programowania/Lista4/projekt/core.12943)
#
# If you would like to submit a bug report, please visit:
#   https://bugs.launchpad.net/ubuntu/+source/openjdk-lts
#

---------------  S U M M A R Y ------------

Command Line: -agentlib:jdwp=transport=dt_socket,suspend=y,address=localhost:43513 -ea -javaagent:/home/bartlomiej/.eclipse/360744286_linux_gtk_x86_64/configuration/org.eclipse.osgi/222/0/.cp/lib/javaagent-shaded.jar -Dfile.encoding=UTF-8 org.eclipse.jdt.internal.junit.runner.RemoteTestRunner -version 3 -port 46341 -testLoaderClass org.eclipse.jdt.internal.junit4.runner.JUnit4TestLoader -loaderpluginname org.eclipse.jdt.junit4.runtime -classNames Project.common.board.test.StandartFieldArrayFactoryTest

Host: Intel(R) Core(TM) i7-5500U CPU @ 2.40GHz, 2 cores, 2G, Ubuntu 20.04.1 LTS
Time: Fri Dec 18 19:58:09 2020 CET elapsed time: 12.991001 seconds (0d 0h 0m 12s)

---------------  T H R E A D  ---------------

Current thread (0x00007f6098117000):  JavaThread "Signal Dispatcher" daemon [_thread_in_vm, id=12960, stack(0x00007f609c0b8000,0x00007f609c1b9000)]

Stack: [0x00007f609c0b8000,0x00007f609c1b9000],  sp=0x00007f609c1b61f0,  free space=1016k
Native frames: (J=compiled Java code, A=aot compiled Java code, j=interpreted, Vv=VM code, C=native code)
C  [libjimage.so+0x30ad]
C  [libjimage.so+0x3da2]
C  [libjimage.so+0x42b1]  JIMAGE_FindResource+0xf1
V  [libjvm.so+0x5ae8d1]
V  [libjvm.so+0x5b1081]
V  [libjvm.so+0xde0f0d]
V  [libjvm.so+0xddfa9a]
V  [libjvm.so+0xde205b]
V  [libjvm.so+0x66062e]
V  [libjvm.so+0x84ec06]
j  jdk.internal.misc.Signal.dispatch(I)V+25 java.base@11.0.9.1
v  ~StubRoutines::call_stub
V  [libjvm.so+0x8575d9]
V  [libjvm.so+0x8565f2]
V  [libjvm.so+0xbc09fe]
V  [libjvm.so+0xe17ccf]
V  [libjvm.so+0xe14330]
V  [libjvm.so+0xbd26e6]

Java frames: (J=compiled Java code, j=interpreted, Vv=VM code)
j  jdk.internal.misc.Signal.dispatch(I)V+25 java.base@11.0.9.1
v  ~StubRoutines::call_stub

siginfo: si_signo: 11 (SIGSEGV), si_code: 1 (SEGV_MAPERR), si_addr: 0x00007f608f89e270

Register to memory mapping:

RAX=0x0000000000001495 is an unknown value
RBX=0x00007f609c1b62a1 is pointing into the stack for thread: 0x00007f6098117000
RCX=0x00007f609c1b62c3 is pointing into the stack for thread: 0x00007f6098117000
RDX=0x0000000000001495 is an unknown value
RSP=